OpenCV/OpenCV349/build/intermediates/manifest_merge_blame_file/debug/manifest-merger-blame-debug-report.txt
1<?xml version="1.0" encoding="utf-8"?>
2<manifest xmlns:android="http://schemas.android.com/apk/res/android"
3    package="org.opencv"
4    android:versionCode="3490"
5    android:versionName="3.4.9" >
6
7    <uses-sdk
7-->OpenCV349\java\AndroidManifest.xml:7:5-47
8        android:minSdkVersion="24"
8-->OpenCV349\java\AndroidManifest.xml:7:5-47
9        android:targetSdkVersion="29" />
9-->OpenCV349\java\AndroidManifest.xml:7:15-44
10
11</manifest>